2024-08-08 20:20:15 - Viewed profile for user: elie@gmail.com
2024-08-08 20:20:22 - User authentication attempted for: elie@gmail.com
2024-08-08 20:20:39 - Error exporting patients: Script execution failed with exit code: 1
2024-08-08 20:21:00 - Failed admin login attempt
2024-08-08 22:04:54 - Error during authentication for user: elie@gmail.com - Scanner closed
2024-08-08 22:18:39 - Viewed profile for user: elie@gmail.com
2024-08-08 22:18:49 - User authentication attempted for: elie@gmail.com
2024-08-08 22:43:44 - Error exporting patients: Script execution failed with exit code: 1
2024-08-08 22:45:20 - Error exporting patients: Script execution failed with exit code: 1
2024-08-09 11:00:36 - Registered patient with email: rich@gmail.com
2024-08-09 11:02:52 - Updated profile for patient:  rich@gmail.com
2024-08-09 11:13:29 - Updated profile for patient:  rich@gmail.com
2024-08-09 11:54:19 - Updated profile for patient:  rich@gmail.com
2024-08-09 13:55:01 - Exported patient data
2024-08-09 14:03:22 - Viewed profile for user: elie@gmail.com
2024-08-09 14:03:43 - User authentication attempted for: elie@gmail.com
2024-08-09 14:05:46 - Registered patient with email: peace@gmail.com
2024-08-09 14:08:03 - Updated profile for patient:  peace@gmail.com
2024-08-09 14:10:49 - Updated profile for patient:  peace@gmail.com
2024-08-09 14:15:12 - Updated profile for patient:  peace@gmail.com
2024-08-09 14:19:29 - Updated profile for patient:  peace@gmail.com
2024-08-09 14:21:41 - Exported patient data
2024-08-09 14:24:01 - Exported patient data
2024-08-09 14:26:49 - Exported patient data
2024-08-09 14:37:15 - Exported patient data
2024-08-09 14:39:51 - Viewed profile for user: elie@gmail.com
2024-08-09 14:40:12 - User authentication attempted for: elie@gmail.com
2024-08-09 14:40:23 - Failed admin login attempt
2024-08-09 14:40:51 - Registered patient with email: elie@gmail.com
2024-08-09 15:05:36 - Failed admin login attempt
2024-08-09 15:06:31 - Registered patient with email: rose@gmail.com
2024-08-09 15:09:00 - Updated profile for patient:  rose@gmail.com
2024-08-09 15:09:22 - Viewed profile for user: rose@gmail.com
2024-08-09 15:09:49 - Viewed profile for user: rose@gmail.com
2024-08-09 15:09:58 - User authentication attempted for: rose@gmail.com
2024-08-10 23:22:01 - Error during login for email: elie@gmail.com - Cannot run program "script/user_management.sh": CreateProcess error=193, %1 is not a valid Win32 application
2024-08-10 23:23:04 - Error during login for email: elie@gmail.com - Cannot run program "script/user_management.sh": CreateProcess error=193, %1 is not a valid Win32 application
2024-08-10 23:24:33 - Error during login for email: elie@gmail.com - Cannot run program "..script/user_management.sh": CreateProcess error=2, The system cannot find the file specified
2024-08-10 23:27:04 - Error during login for email: patient@gmail.com - Cannot run program "script/user_management.sh": CreateProcess error=193, %1 is not a valid Win32 application
2024-08-11 00:08:24 - Error during login for email: elie@gmail.com - Cannot run program "./script/user_management.sh": CreateProcess error=193, %1 is not a valid Win32 application
2024-08-11 00:10:49 - Error during login for email: elie@gmail.com - Cannot run program "bash": CreateProcess error=2, The system cannot find the file specified
2024-08-11 00:12:56 - Error during authentication for user: elie@gmail.com - Cannot run program "script/user_management.sh": CreateProcess error=193, %1 is not a valid Win32 application
2024-08-11 01:11:08 - Viewed profile for user: elie@gmail.com
